<html>
<head>
<title>TestNG:  Test</title>
<link href="../testng.css" rel="stylesheet" type="text/css" />
<link href="../my-testng.css" rel="stylesheet" type="text/css" />

<style type="text/css">
.log { display: none;} 
.stack-trace { display: none;} 
</style>
<script type="text/javascript">
<!--
function flip(e) {
  current = e.style.display;
  if (current == 'block') {
    e.style.display = 'none';
    return 0;
  }
  else {
    e.style.display = 'block';
    return 1;
  }
}

function toggleBox(szDivId, elem, msg1, msg2)
{
  var res = -1;  if (document.getElementById) {
    res = flip(document.getElementById(szDivId));
  }
  else if (document.all) {
    // this is the way old msie versions work
    res = flip(document.all[szDivId]);
  }
  if(elem) {
    if(res == 0) elem.innerHTML = msg1; else elem.innerHTML = msg2;
  }

}

function toggleAllBoxes() {
  if (document.getElementsByTagName) {
    d = document.getElementsByTagName('div');
    for (i = 0; i < d.length; i++) {
      if (d[i].className == 'log') {
        flip(d[i]);
      }
    }
  }
}

// -->
</script>

</head>
<body>
<h2 align='center'>Test</h2><table border='1' align="center">
<tr>
<td>Tests passed/Failed/Skipped:</td><td>17/1/1</td>
</tr><tr>
<td>Started on:</td><td>Fri Sep 09 08:50:00 IST 2022</td>
</tr>
<tr><td>Total time:</td><td>7 seconds (7101 ms)</td>
</tr><tr>
<td>Included groups:</td><td></td>
</tr><tr>
<td>Excluded groups:</td><td></td>
</tr>
</table><p/>
<small><i>(Hover the method name to see the test class name)</i></small><p/>
<table width='100%' border='1' class='invocation-failed'>
<tr><td colspan='4' align='center'><b>FAILED TESTS</b></td></tr>
<tr><td><b>Test method</b></td>
<td width="30%"><b>Exception</b></td>
<td width="10%"><b>Time (seconds)</b></td>
<td><b>Instance</b></td>
</tr>
<tr>
<td title='testngsamples.Actitime_DependsOn.openBrowserAndAppURL()'><b>openBrowserAndAppURL</b><br>Test class: testngsamples.Actitime_DependsOn</td>
<td><div><pre>java.lang.ArithmeticException: / by zero
	at testngsamples.Actitime_DependsOn.openBrowserAndAppURL(Actitime_DependsOn.java:7)
... Removed 25 stack frames</pre></div><a href='#' onClick='toggleBox("stack-trace1777043124", this, "Click to show all stack frames", "Click to hide stack frames")'>Click to show all stack frames</a>
<div class='stack-trace' id='stack-trace1777043124'><pre>java.lang.ArithmeticException: / by zero
	at testngsamples.Actitime_DependsOn.openBrowserAndAppURL(Actitime_DependsOn.java:7)
	at java.base/jdk.internal.reflect.NativeMethodAccessorImpl.invoke0(Native Method)
	at java.base/jdk.internal.reflect.NativeMethodAccessorImpl.invoke(NativeMethodAccessorImpl.java:77)
	at java.base/jdk.internal.reflect.DelegatingMethodAccessorImpl.invoke(DelegatingMethodAccessorImpl.java:43)
	at java.base/java.lang.reflect.Method.invoke(Method.java:568)
	at org.testng.internal.MethodInvocationHelper.invokeMethod(MethodInvocationHelper.java:124)
	at org.testng.internal.Invoker.invokeMethod(Invoker.java:583)
	at org.testng.internal.Invoker.invokeTestMethod(Invoker.java:719)
	at org.testng.internal.Invoker.invokeTestMethods(Invoker.java:989)
	at org.testng.internal.TestMethodWorker.invokeTestMethods(TestMethodWorker.java:125)
	at org.testng.internal.TestMethodWorker.run(TestMethodWorker.java:109)
	at org.testng.TestRunner.privateRun(TestRunner.java:648)
	at org.testng.TestRunner.run(TestRunner.java:505)
	at org.testng.SuiteRunner.runTest(SuiteRunner.java:455)
	at org.testng.SuiteRunner.runSequentially(SuiteRunner.java:450)
	at org.testng.SuiteRunner.privateRun(SuiteRunner.java:415)
	at org.testng.SuiteRunner.run(SuiteRunner.java:364)
	at org.testng.SuiteRunnerWorker.runSuite(SuiteRunnerWorker.java:52)
	at org.testng.SuiteRunnerWorker.run(SuiteRunnerWorker.java:84)
	at org.testng.TestNG.runSuitesSequentially(TestNG.java:1208)
	at org.testng.TestNG.runSuitesLocally(TestNG.java:1137)
	at org.testng.TestNG.runSuites(TestNG.java:1049)
	at org.testng.TestNG.run(TestNG.java:1017)
	at org.testng.remote.AbstractRemoteTestNG.run(AbstractRemoteTestNG.java:115)
	at org.testng.remote.RemoteTestNG.initAndRun(RemoteTestNG.java:251)
	at org.testng.remote.RemoteTestNG.main(RemoteTestNG.java:77)
</pre></div></td>
<td>0</td>
<td>testngsamples.Actitime_DependsOn@19e4653c</td></tr>
</table><p>
<table width='100%' border='1' class='invocation-passed'>
<tr><td colspan='4' align='center'><b>PASSED TESTS</b></td></tr>
<tr><td><b>Test method</b></td>
<td width="30%"><b>Exception</b></td>
<td width="10%"><b>Time (seconds)</b></td>
<td><b>Instance</b></td>
</tr>
<tr>
<td title='testngsamples.Actitime_Enabled.createTask()'><b>createTask</b><br>Test class: testngsamples.Actitime_Enabled</td>
<td></td>
<td>0</td>
<td>testngsamples.Actitime_Enabled@74e28667</td></tr>
<tr>
<td title='testngsamples.Actitime_DependsOn.createTask()'><b>createTask</b><br>Test class: testngsamples.Actitime_DependsOn</td>
<td></td>
<td>0</td>
<td>testngsamples.Actitime_DependsOn@19e4653c</td></tr>
<tr>
<td title='testngsamples.Actitime_Priority.createTask()'><b>createTask</b><br>Test class: testngsamples.Actitime_Priority</td>
<td></td>
<td>0</td>
<td>testngsamples.Actitime_Priority@795509d9</td></tr>
<tr>
<td title='testngsamples.Actitime_ExceptionAndTimeout.dividedByZeroExample1()'><b>dividedByZeroExample1</b><br>Test class: testngsamples.Actitime_ExceptionAndTimeout</td>
<td><div><pre>java.lang.ArithmeticException: / by zero
	at testngsamples.Actitime_ExceptionAndTimeout.dividedByZeroExample1(Actitime_ExceptionAndTimeout.java:14)
... Removed 25 stack frames</pre></div><a href='#' onClick='toggleBox("stack-trace116184677", this, "Click to show all stack frames", "Click to hide stack frames")'>Click to show all stack frames</a>
<div class='stack-trace' id='stack-trace116184677'><pre>java.lang.ArithmeticException: / by zero
	at testngsamples.Actitime_ExceptionAndTimeout.dividedByZeroExample1(Actitime_ExceptionAndTimeout.java:14)
	at java.base/jdk.internal.reflect.NativeMethodAccessorImpl.invoke0(Native Method)
	at java.base/jdk.internal.reflect.NativeMethodAccessorImpl.invoke(NativeMethodAccessorImpl.java:77)
	at java.base/jdk.internal.reflect.DelegatingMethodAccessorImpl.invoke(DelegatingMethodAccessorImpl.java:43)
	at java.base/java.lang.reflect.Method.invoke(Method.java:568)
	at org.testng.internal.MethodInvocationHelper.invokeMethod(MethodInvocationHelper.java:124)
	at org.testng.internal.Invoker.invokeMethod(Invoker.java:583)
	at org.testng.internal.Invoker.invokeTestMethod(Invoker.java:719)
	at org.testng.internal.Invoker.invokeTestMethods(Invoker.java:989)
	at org.testng.internal.TestMethodWorker.invokeTestMethods(TestMethodWorker.java:125)
	at org.testng.internal.TestMethodWorker.run(TestMethodWorker.java:109)
	at org.testng.TestRunner.privateRun(TestRunner.java:648)
	at org.testng.TestRunner.run(TestRunner.java:505)
	at org.testng.SuiteRunner.runTest(SuiteRunner.java:455)
	at org.testng.SuiteRunner.runSequentially(SuiteRunner.java:450)
	at org.testng.SuiteRunner.privateRun(SuiteRunner.java:415)
	at org.testng.SuiteRunner.run(SuiteRunner.java:364)
	at org.testng.SuiteRunnerWorker.runSuite(SuiteRunnerWorker.java:52)
	at org.testng.SuiteRunnerWorker.run(SuiteRunnerWorker.java:84)
	at org.testng.TestNG.runSuitesSequentially(TestNG.java:1208)
	at org.testng.TestNG.runSuitesLocally(TestNG.java:1137)
	at org.testng.TestNG.runSuites(TestNG.java:1049)
	at org.testng.TestNG.run(TestNG.java:1017)
	at org.testng.remote.AbstractRemoteTestNG.run(AbstractRemoteTestNG.java:115)
	at org.testng.remote.RemoteTestNG.initAndRun(RemoteTestNG.java:251)
	at org.testng.remote.RemoteTestNG.main(RemoteTestNG.java:77)
</pre></div></td>
<td>0</td>
<td>testngsamples.Actitime_ExceptionAndTimeout@663c9e7a</td></tr>
<tr>
<td title='testngsamples.Actitime_ExceptionAndTimeout.executetimeOut()'><b>executetimeOut</b><br>Test class: testngsamples.Actitime_ExceptionAndTimeout</td>
<td></td>
<td>0</td>
<td>testngsamples.Actitime_ExceptionAndTimeout@663c9e7a</td></tr>
<tr>
<td title='testngsamples.Actitime_Priority.login()'><b>login</b><br>Test class: testngsamples.Actitime_Priority</td>
<td></td>
<td>0</td>
<td>testngsamples.Actitime_Priority@795509d9</td></tr>
<tr>
<td title='testngsamples.Actitime_DependsOn.logoutClose()'><b>logoutClose</b><br>Test class: testngsamples.Actitime_DependsOn</td>
<td></td>
<td>0</td>
<td>testngsamples.Actitime_DependsOn@19e4653c</td></tr>
<tr>
<td title='testngsamples.Actitime_Priority.logoutClose()'><b>logoutClose</b><br>Test class: testngsamples.Actitime_Priority</td>
<td></td>
<td>0</td>
<td>testngsamples.Actitime_Priority@795509d9</td></tr>
<tr>
<td title='testngsamples.Actitime_InvocationCount.openBrowserAndAppURL()'><b>openBrowserAndAppURL</b><br>Test class: testngsamples.Actitime_InvocationCount</td>
<td></td>
<td>0</td>
<td>testngsamples.Actitime_InvocationCount@74d1dc36</td></tr>
<tr>
<td title='testngsamples.Actitime_InvocationCount.openBrowserAndAppURL()'><b>openBrowserAndAppURL</b><br>Test class: testngsamples.Actitime_InvocationCount</td>
<td></td>
<td>0</td>
<td>testngsamples.Actitime_InvocationCount@74d1dc36</td></tr>
<tr>
<td title='testngsamples.Actitime_InvocationCount.openBrowserAndAppURL()'><b>openBrowserAndAppURL</b><br>Test class: testngsamples.Actitime_InvocationCount</td>
<td></td>
<td>0</td>
<td>testngsamples.Actitime_InvocationCount@74d1dc36</td></tr>
<tr>
<td title='testngsamples.Actitime_InvocationCount.openBrowserAndAppURL()'><b>openBrowserAndAppURL</b><br>Test class: testngsamples.Actitime_InvocationCount</td>
<td></td>
<td>0</td>
<td>testngsamples.Actitime_InvocationCount@74d1dc36</td></tr>
<tr>
<td title='testngsamples.Actitime_InvocationCount.openBrowserAndAppURL()'><b>openBrowserAndAppURL</b><br>Test class: testngsamples.Actitime_InvocationCount</td>
<td></td>
<td>0</td>
<td>testngsamples.Actitime_InvocationCount@74d1dc36</td></tr>
<tr>
<td title='testngsamples.Actitime_Enabled.openBrowserAndAppURL()'><b>openBrowserAndAppURL</b><br>Test class: testngsamples.Actitime_Enabled</td>
<td></td>
<td>0</td>
<td>testngsamples.Actitime_Enabled@74e28667</td></tr>
<tr>
<td title='testngsamples.Actitime_Timeout.openBrowserAndAppURL()'><b>openBrowserAndAppURL</b><br>Test class: testngsamples.Actitime_Timeout</td>
<td></td>
<td>0</td>
<td>testngsamples.Actitime_Timeout@1cf6d1be</td></tr>
<tr>
<td title='testngsamples.Actitime_Priority.openBrowserAndAppURL()'><b>openBrowserAndAppURL</b><br>Test class: testngsamples.Actitime_Priority<br>Test method: Open browser and enter URL</td>
<td></td>
<td>0</td>
<td>testngsamples.Actitime_Priority@795509d9</td></tr>
<tr>
<td title='testngsamples.FirstTestNgWebScript.testCase1()'><b>testCase1</b><br>Test class: testngsamples.FirstTestNgWebScript</td>
<td></td>
<td>6</td>
<td>testngsamples.FirstTestNgWebScript@7161d8d1</td></tr>
</table><p>
<table width='100%' border='1' class='invocation-skipped'>
<tr><td colspan='4' align='center'><b>SKIPPED TESTS</b></td></tr>
<tr><td><b>Test method</b></td>
<td width="30%"><b>Exception</b></td>
<td width="10%"><b>Time (seconds)</b></td>
<td><b>Instance</b></td>
</tr>
<tr>
<td title='testngsamples.Actitime_DependsOn.login()'><b>login</b><br>Test class: testngsamples.Actitime_DependsOn</td>
<td><div><pre>java.lang.Throwable: Method Actitime_DependsOn.login()[pri:0, instance:testngsamples.Actitime_DependsOn@19e4653c] depends on not successfully finished methods
... Removed 18 stack frames</pre></div><a href='#' onClick='toggleBox("stack-trace1788034018", this, "Click to show all stack frames", "Click to hide stack frames")'>Click to show all stack frames</a>
<div class='stack-trace' id='stack-trace1788034018'><pre>java.lang.Throwable: Method Actitime_DependsOn.login()[pri:0, instance:testngsamples.Actitime_DependsOn@19e4653c] depends on not successfully finished methods
	at org.testng.internal.Invoker.invokeTestMethods(Invoker.java:888)
	at org.testng.internal.TestMethodWorker.invokeTestMethods(TestMethodWorker.java:125)
	at org.testng.internal.TestMethodWorker.run(TestMethodWorker.java:109)
	at org.testng.TestRunner.privateRun(TestRunner.java:648)
	at org.testng.TestRunner.run(TestRunner.java:505)
	at org.testng.SuiteRunner.runTest(SuiteRunner.java:455)
	at org.testng.SuiteRunner.runSequentially(SuiteRunner.java:450)
	at org.testng.SuiteRunner.privateRun(SuiteRunner.java:415)
	at org.testng.SuiteRunner.run(SuiteRunner.java:364)
	at org.testng.SuiteRunnerWorker.runSuite(SuiteRunnerWorker.java:52)
	at org.testng.SuiteRunnerWorker.run(SuiteRunnerWorker.java:84)
	at org.testng.TestNG.runSuitesSequentially(TestNG.java:1208)
	at org.testng.TestNG.runSuitesLocally(TestNG.java:1137)
	at org.testng.TestNG.runSuites(TestNG.java:1049)
	at org.testng.TestNG.run(TestNG.java:1017)
	at org.testng.remote.AbstractRemoteTestNG.run(AbstractRemoteTestNG.java:115)
	at org.testng.remote.RemoteTestNG.initAndRun(RemoteTestNG.java:251)
	at org.testng.remote.RemoteTestNG.main(RemoteTestNG.java:77)
</pre></div></td>
<td>0</td>
<td>null</td></tr>
</table><p>
</body>
</html>